{"level":"warn","message":"Ruta / Inexistente - con metodo: GET"}
{"level":"warn","message":"Ruta / Inexistente - con metodo: GET"}
{"level":"warn","message":"Ruta / Inexistente - con metodo: GET"}
{"level":"warn","message":"Ruta /user Inexistente - con metodo: GET"}
{"level":"warn","message":"Ruta /user Inexistente - con metodo: GET"}
{"level":"warn","message":"Ruta / Inexistente - con metodo: GET"}
{"level":"warn","message":"Ruta /user Inexistente - con metodo: GET"}
{"level":"warn","message":"Ruta /user Inexistente - con metodo: GET"}
{"level":"warn","message":"Ruta /user Inexistente - con metodo: GET"}
{"level":"warn","message":"Ruta / Inexistente - con metodo: GET"}
{"level":"warn","message":"Ruta /user Inexistente - con metodo: GET"}
{"level":"warn","message":"Ruta /user Inexistente - con metodo: GET"}
{"level":"warn","message":"Ruta /user Inexistente - con metodo: GET"}
{"level":"warn","message":"Ruta /user Inexistente - con metodo: GET"}
{"level":"warn","message":"Ruta /user Inexistente - con metodo: GET"}
{"level":"warn","message":"Ruta /user Inexistente - con metodo: GET"}
{"level":"warn","message":"Ruta / Inexistente - con metodo: GET"}
{"level":"warn","message":"Ruta / Inexistente - con metodo: GET"}
{"level":"warn","message":"Ruta /user Inexistente - con metodo: GET"}
{"level":"warn","message":"Ruta /user Inexistente - con metodo: GET"}
{"level":"warn","message":"Ruta /user Inexistente - con metodo: GET"}
{"level":"warn","message":"Ruta /user Inexistente - con metodo: GET"}
{"level":"warn","message":"Ruta /user Inexistente - con metodo: GET"}
{"level":"warn","message":"Ruta /user Inexistente - con metodo: GET"}
{"level":"warn","message":"Ruta /user Inexistente - con metodo: GET"}
{"level":"warn","message":"Ruta /user Inexistente - con metodo: GET"}
{"level":"warn","message":"Ruta /user Inexistente - con metodo: GET"}
{"level":"warn","message":"Ruta /user Inexistente - con metodo: GET"}
{"level":"warn","message":"Ruta /user Inexistente - con metodo: GET"}
{"level":"warn","message":"Ruta /user Inexistente - con metodo: GET"}
{"level":"warn","message":"Ruta /user Inexistente - con metodo: GET"}
{"level":"warn","message":"Ruta /user Inexistente - con metodo: GET"}
{"level":"warn","message":"Ruta /user Inexistente - con metodo: GET"}
{"level":"warn","message":"Ruta / Inexistente - con metodo: GET"}
{"level":"warn","message":"Ruta /user Inexistente - con metodo: GET"}
{"level":"warn","message":"Ruta / Inexistente - con metodo: GET"}
{"level":"warn","message":"Ruta / Inexistente - con metodo: GET"}
{"level":"warn","message":"Ruta / Inexistente - con metodo: GET"}
{"level":"warn","message":"Ruta /user Inexistente - con metodo: GET"}
{"level":"warn","message":"Ruta /user Inexistente - con metodo: GET"}
{"level":"warn","message":"Ruta /user Inexistente - con metodo: GET"}
{"level":"warn","message":"Ruta /user Inexistente - con metodo: GET"}
{"level":"warn","message":"Ruta /user Inexistente - con metodo: GET"}
{"level":"warn","message":"Ruta /user Inexistente - con metodo: GET"}
{"level":"warn","message":"Ruta /user Inexistente - con metodo: GET"}
{"level":"warn","message":"Ruta / Inexistente - con metodo: GET"}
{"level":"warn","message":"Ruta /user Inexistente - con metodo: GET"}
{"level":"warn","message":"Ruta /user Inexistente - con metodo: GET"}
{"level":"warn","message":"Ruta /products Inexistente - con metodo: GET"}
{"level":"warn","message":"Ruta /products Inexistente - con metodo: GET"}
{"level":"warn","message":"Ruta / Inexistente - con metodo: GET"}
{"level":"warn","message":"Ruta / Inexistente - con metodo: GET"}
{"level":"warn","message":"Ruta / Inexistente - con metodo: GET"}
{"level":"warn","message":"Ruta / Inexistente - con metodo: GET"}
{"level":"warn","message":"Ruta /user Inexistente - con metodo: GET"}
{"level":"warn","message":"Ruta /user Inexistente - con metodo: GET"}
{"level":"warn","message":"Ruta /products Inexistente - con metodo: GET"}
{"level":"warn","message":"Ruta /products Inexistente - con metodo: GET"}
{"level":"warn","message":"Ruta / Inexistente - con metodo: GET"}
{"level":"warn","message":"Ruta /post Inexistente - con metodo: POST"}
{"level":"warn","message":"Ruta /user Inexistente - con metodo: GET"}
{"level":"warn","message":"Ruta /user Inexistente - con metodo: GET"}
{"level":"warn","message":"Ruta / Inexistente - con metodo: GET"}
{"level":"warn","message":"Ruta / Inexistente - con metodo: GET"}
{"level":"warn","message":"Ruta / Inexistente - con metodo: GET"}
{"level":"warn","message":"Ruta /user Inexistente - con metodo: GET"}
{"level":"warn","message":"Ruta /user Inexistente - con metodo: GET"}
{"level":"warn","message":"Ruta /user Inexistente - con metodo: GET"}
{"level":"warn","message":"Ruta /user Inexistente - con metodo: GET"}
{"level":"warn","message":"Ruta /user Inexistente - con metodo: GET"}
{"level":"warn","message":"Ruta /user Inexistente - con metodo: GET"}
{"level":"warn","message":"Ruta /products Inexistente - con metodo: GET"}
{"level":"warn","message":"Ruta /products Inexistente - con metodo: GET"}
{"level":"warn","message":"Ruta /user Inexistente - con metodo: GET"}
{"level":"warn","message":"Ruta /user Inexistente - con metodo: GET"}
{"level":"warn","message":"Ruta /products Inexistente - con metodo: GET"}
{"level":"warn","message":"Ruta /products Inexistente - con metodo: GET"}
{"level":"warn","message":"Ruta /user Inexistente - con metodo: GET"}
{"level":"warn","message":"Ruta /user Inexistente - con metodo: GET"}
{"level":"warn","message":"Ruta /products Inexistente - con metodo: GET"}
{"level":"warn","message":"Ruta /products Inexistente - con metodo: GET"}
{"level":"warn","message":"Ruta /user Inexistente - con metodo: GET"}
{"level":"warn","message":"Ruta /user Inexistente - con metodo: GET"}
{"level":"warn","message":"Ruta /products Inexistente - con metodo: GET"}
{"level":"warn","message":"Ruta /products Inexistente - con metodo: GET"}
{"level":"warn","message":"Ruta /user Inexistente - con metodo: GET"}
{"level":"warn","message":"Ruta /user Inexistente - con metodo: GET"}
{"level":"warn","message":"Ruta /products Inexistente - con metodo: GET"}
{"level":"warn","message":"Ruta /products Inexistente - con metodo: GET"}
{"level":"warn","message":"Ruta /user Inexistente - con metodo: GET"}
{"level":"warn","message":"Ruta /user Inexistente - con metodo: GET"}
{"level":"warn","message":"Ruta /user Inexistente - con metodo: GET"}
{"level":"warn","message":"Ruta /products Inexistente - con metodo: GET"}
{"level":"warn","message":"Ruta /products Inexistente - con metodo: GET"}
{"level":"warn","message":"Ruta /user Inexistente - con metodo: GET"}
{"level":"warn","message":"Ruta /user Inexistente - con metodo: GET"}
{"level":"warn","message":"Ruta /products Inexistente - con metodo: GET"}
{"level":"warn","message":"Ruta /products Inexistente - con metodo: GET"}
{"level":"warn","message":"Ruta /user Inexistente - con metodo: GET"}
{"level":"warn","message":"Ruta /user Inexistente - con metodo: GET"}
{"level":"warn","message":"Ruta /products Inexistente - con metodo: GET"}
{"level":"warn","message":"Ruta /products Inexistente - con metodo: GET"}
{"level":"warn","message":"Ruta /user Inexistente - con metodo: GET"}
{"level":"warn","message":"Ruta /user Inexistente - con metodo: GET"}
{"level":"warn","message":"Ruta /products Inexistente - con metodo: GET"}
{"level":"warn","message":"Ruta /products Inexistente - con metodo: GET"}
{"level":"warn","message":"Ruta /user Inexistente - con metodo: GET"}
{"level":"warn","message":"Ruta /user Inexistente - con metodo: GET"}
{"level":"warn","message":"Ruta /products Inexistente - con metodo: GET"}
{"level":"warn","message":"Ruta /products Inexistente - con metodo: GET"}
{"level":"warn","message":"Ruta /user Inexistente - con metodo: GET"}
{"level":"warn","message":"Ruta /user Inexistente - con metodo: GET"}
{"level":"warn","message":"Ruta /products Inexistente - con metodo: GET"}
{"level":"warn","message":"Ruta /products Inexistente - con metodo: GET"}
{"level":"warn","message":"Ruta /user Inexistente - con metodo: GET"}
{"level":"warn","message":"Ruta /user Inexistente - con metodo: GET"}
{"level":"warn","message":"Ruta /products Inexistente - con metodo: GET"}
{"level":"warn","message":"Ruta /products Inexistente - con metodo: GET"}
{"level":"warn","message":"Ruta /products Inexistente - con metodo: GET"}
{"level":"warn","message":"Ruta /products Inexistente - con metodo: GET"}
{"level":"warn","message":"Ruta /products Inexistente - con metodo: GET"}
{"level":"warn","message":"Ruta /products Inexistente - con metodo: GET"}
{"level":"warn","message":"Ruta /user Inexistente - con metodo: GET"}
{"level":"warn","message":"Ruta /products Inexistente - con metodo: GET"}
{"level":"warn","message":"Ruta /user Inexistente - con metodo: GET"}
{"level":"warn","message":"Ruta /user Inexistente - con metodo: GET"}
{"level":"warn","message":"Ruta /products Inexistente - con metodo: GET"}
{"level":"warn","message":"Ruta /products Inexistente - con metodo: GET"}
{"level":"warn","message":"Ruta /categories Inexistente - con metodo: GET"}
{"level":"warn","message":"Ruta /orders Inexistente - con metodo: GET"}
{"level":"warn","message":"Ruta /user Inexistente - con metodo: GET"}
{"level":"warn","message":"Ruta /user Inexistente - con metodo: GET"}
{"level":"warn","message":"Ruta /products Inexistente - con metodo: GET"}
{"level":"warn","message":"Ruta /products Inexistente - con metodo: GET"}
{"level":"warn","message":"Ruta /user Inexistente - con metodo: GET"}
{"level":"warn","message":"Ruta /user Inexistente - con metodo: GET"}
{"level":"warn","message":"Ruta /products Inexistente - con metodo: GET"}
{"level":"warn","message":"Ruta /products Inexistente - con metodo: GET"}
{"level":"warn","message":"Ruta /user Inexistente - con metodo: GET"}
{"level":"warn","message":"Ruta /user Inexistente - con metodo: GET"}
{"level":"warn","message":"Ruta /products Inexistente - con metodo: GET"}
{"level":"warn","message":"Ruta /products Inexistente - con metodo: GET"}
{"level":"warn","message":"Ruta /user Inexistente - con metodo: GET"}
{"level":"warn","message":"Ruta /user Inexistente - con metodo: GET"}
{"level":"warn","message":"Ruta /products Inexistente - con metodo: GET"}
{"level":"warn","message":"Ruta /products Inexistente - con metodo: GET"}
{"level":"warn","message":"Ruta /products Inexistente - con metodo: GET"}
{"level":"warn","message":"Ruta /products Inexistente - con metodo: GET"}
{"level":"warn","message":"Ruta /products Inexistente - con metodo: GET"}
{"level":"warn","message":"Ruta /products Inexistente - con metodo: GET"}
{"level":"warn","message":"Ruta /products Inexistente - con metodo: GET"}
{"level":"warn","message":"Ruta /products Inexistente - con metodo: GET"}
{"level":"warn","message":"Ruta /products Inexistente - con metodo: GET"}
{"level":"warn","message":"Ruta /products Inexistente - con metodo: GET"}
{"level":"warn","message":"Ruta /products Inexistente - con metodo: GET"}
{"level":"warn","message":"Ruta /products Inexistente - con metodo: GET"}
{"level":"warn","message":"Ruta /products Inexistente - con metodo: GET"}
{"level":"warn","message":"Ruta /products Inexistente - con metodo: GET"}
{"level":"warn","message":"Ruta /products Inexistente - con metodo: GET"}
{"level":"warn","message":"Ruta /products Inexistente - con metodo: GET"}
{"level":"warn","message":"Ruta /products Inexistente - con metodo: GET"}
{"level":"warn","message":"Ruta /products Inexistente - con metodo: GET"}
{"level":"warn","message":"Ruta /products Inexistente - con metodo: GET"}
{"level":"warn","message":"Ruta /products Inexistente - con metodo: GET"}
{"level":"warn","message":"Ruta /products Inexistente - con metodo: GET"}
{"level":"warn","message":"Ruta /users Inexistente - con metodo: GET"}
{"level":"warn","message":"Ruta /products/get Inexistente - con metodo: GET"}
{"level":"warn","message":"Ruta /products Inexistente - con metodo: GET"}
{"level":"warn","message":"Ruta /products Inexistente - con metodo: POST"}
{"level":"warn","message":"Ruta /products Inexistente - con metodo: GET"}
{"level":"warn","message":"Ruta /products Inexistente - con metodo: GET"}
{"level":"warn","message":"Ruta /products/category/1 Inexistente - con metodo: GET"}
{"level":"warn","message":"Ruta /products Inexistente - con metodo: POST"}
{"level":"warn","message":"Ruta /product Inexistente - con metodo: GET"}
{"level":"warn","message":"Ruta /user Inexistente - con metodo: GET"}
{"level":"warn","message":"Ruta /user Inexistente - con metodo: GET"}
{"level":"warn","message":"Ruta /products Inexistente - con metodo: GET"}
{"level":"warn","message":"Ruta /products Inexistente - con metodo: GET"}
{"level":"warn","message":"Ruta /products Inexistente - con metodo: GET"}
{"level":"warn","message":"Ruta /product Inexistente - con metodo: GET"}
{"level":"warn","message":"Ruta /products Inexistente - con metodo: GET"}
{"level":"warn","message":"Ruta /products/products Inexistente - con metodo: GET"}
{"level":"warn","message":"Ruta /carts Inexistente - con metodo: GET"}
{"level":"warn","message":"Ruta / Inexistente - con metodo: GET"}
{"level":"warn","message":"Ruta /auth Inexistente - con metodo: GET"}
{"level":"warn","message":"Ruta /auth/login Inexistente - con metodo: GET"}
{"level":"warn","message":"Ruta /product Inexistente - con metodo: GET"}
{"level":"warn","message":"Ruta /product Inexistente - con metodo: GET"}
{"level":"warn","message":"Ruta /product Inexistente - con metodo: GET"}
{"level":"warn","message":"Ruta /auth/login Inexistente - con metodo: POST"}
{"level":"warn","message":"Ruta /products/$%7Bpathname.split('/')[2]%7D Inexistente - con metodo: GET"}
{"level":"warn","message":"Ruta /products/$%7Bpathname.split('/')[2]%7D Inexistente - con metodo: GET"}
{"level":"warn","message":"Ruta /products/$%7Bpathname.split('/')[2]%7D Inexistente - con metodo: GET"}
{"level":"warn","message":"Ruta /products/$%7Bpathname.split('/')[2]%7D Inexistente - con metodo: GET"}
{"level":"warn","message":"Ruta /products//products/1 Inexistente - con metodo: GET"}
{"level":"warn","message":"Ruta /products//products/1 Inexistente - con metodo: GET"}
{"level":"warn","message":"Ruta /products//products/1 Inexistente - con metodo: GET"}
{"level":"warn","message":"Ruta /products//products/1 Inexistente - con metodo: GET"}
{"level":"warn","message":"Ruta /products//products/1 Inexistente - con metodo: GET"}
